  filler.cpp
d:\降噪算法\自适应滤波器\filler\filler\filler.cpp(15): warning C4244: “初始化”: 从“double”转换到“int”，可能丢失数据
filler.obj : error LNK2019: 无法解析的外部符号 _sdot_，该符号在函数 "double __cdecl arma::blas::dot<double>(unsigned int,double const *,double const *)" (??$dot@N@blas@arma@@YANIPBN0@Z) 中被引用
filler.obj : error LNK2019: 无法解析的外部符号 _ddot_，该符号在函数 "double __cdecl arma::blas::dot<double>(unsigned int,double const *,double const *)" (??$dot@N@blas@arma@@YANIPBN0@Z) 中被引用
filler.obj : error LNK2019: 无法解析的外部符号 _sgemv_，该符号在函数 "void __cdecl arma::blas::gemv<double>(char const *,int const *,int const *,double const *,double const *,int const *,double const *,int const *,double const *,double *,int const *)" (??$gemv@N@blas@arma@@YAXPBDPBH1PBN21212PAN1@Z) 中被引用
filler.obj : error LNK2019: 无法解析的外部符号 _dgemv_，该符号在函数 "void __cdecl arma::blas::gemv<double>(char const *,int const *,int const *,double const *,double const *,int const *,double const *,int const *,double const *,double *,int const *)" (??$gemv@N@blas@arma@@YAXPBDPBH1PBN21212PAN1@Z) 中被引用
filler.obj : error LNK2019: 无法解析的外部符号 _cgemv_，该符号在函数 "void __cdecl arma::blas::gemv<double>(char const *,int const *,int const *,double const *,double const *,int const *,double const *,int const *,double const *,double *,int const *)" (??$gemv@N@blas@arma@@YAXPBDPBH1PBN21212PAN1@Z) 中被引用
filler.obj : error LNK2019: 无法解析的外部符号 _zgemv_，该符号在函数 "void __cdecl arma::blas::gemv<double>(char const *,int const *,int const *,double const *,double const *,int const *,double const *,int const *,double const *,double *,int const *)" (??$gemv@N@blas@arma@@YAXPBDPBH1PBN21212PAN1@Z) 中被引用
filler.obj : error LNK2019: 无法解析的外部符号 _sgemm_，该符号在函数 "void __cdecl arma::blas::gemm<double>(char const *,char const *,int const *,int const *,int const *,double const *,double const *,int const *,double const *,int const *,double const *,double *,int const *)" (??$gemm@N@blas@arma@@YAXPBD0PBH11PBN21212PAN1@Z) 中被引用
filler.obj : error LNK2019: 无法解析的外部符号 _dgemm_，该符号在函数 "void __cdecl arma::blas::gemm<double>(char const *,char const *,int const *,int const *,int const *,double const *,double const *,int const *,double const *,int const *,double const *,double *,int const *)" (??$gemm@N@blas@arma@@YAXPBD0PBH11PBN21212PAN1@Z) 中被引用
filler.obj : error LNK2019: 无法解析的外部符号 _cgemm_，该符号在函数 "void __cdecl arma::blas::gemm<double>(char const *,char const *,int const *,int const *,int const *,double const *,double const *,int const *,double const *,int const *,double const *,double *,int const *)" (??$gemm@N@blas@arma@@YAXPBD0PBH11PBN21212PAN1@Z) 中被引用
filler.obj : error LNK2019: 无法解析的外部符号 _zgemm_，该符号在函数 "void __cdecl arma::blas::gemm<double>(char const *,char const *,int const *,int const *,int const *,double const *,double const *,int const *,double const *,int const *,double const *,double *,int const *)" (??$gemm@N@blas@arma@@YAXPBD0PBH11PBN21212PAN1@Z) 中被引用
filler.obj : error LNK2019: 无法解析的外部符号 _ssyrk_，该符号在函数 "void __cdecl arma::blas::syrk<double>(char const *,char const *,int const *,int const *,double const *,double const *,int const *,double const *,double *,int const *)" (??$syrk@N@blas@arma@@YAXPBD0PBH1PBN212PAN1@Z) 中被引用
filler.obj : error LNK2019: 无法解析的外部符号 _dsyrk_，该符号在函数 "void __cdecl arma::blas::syrk<double>(char const *,char const *,int const *,int const *,double const *,double const *,int const *,double const *,double *,int const *)" (??$syrk@N@blas@arma@@YAXPBD0PBH1PBN212PAN1@Z) 中被引用
filler.obj : error LNK2019: 无法解析的外部符号 _sgesv_，该符号在函数 "void __cdecl arma::lapack::gesv<double>(int *,int *,double *,int *,int *,double *,int *,int *)" (??$gesv@N@lapack@arma@@YAXPAH0PAN00100@Z) 中被引用
filler.obj : error LNK2019: 无法解析的外部符号 _dgesv_，该符号在函数 "void __cdecl arma::lapack::gesv<double>(int *,int *,double *,int *,int *,double *,int *,int *)" (??$gesv@N@lapack@arma@@YAXPAH0PAN00100@Z) 中被引用
filler.obj : error LNK2019: 无法解析的外部符号 _cgesv_，该符号在函数 "void __cdecl arma::lapack::gesv<double>(int *,int *,double *,int *,int *,double *,int *,int *)" (??$gesv@N@lapack@arma@@YAXPAH0PAN00100@Z) 中被引用
filler.obj : error LNK2019: 无法解析的外部符号 _zgesv_，该符号在函数 "void __cdecl arma::lapack::gesv<double>(int *,int *,double *,int *,int *,double *,int *,int *)" (??$gesv@N@lapack@arma@@YAXPAH0PAN00100@Z) 中被引用
filler.obj : error LNK2019: 无法解析的外部符号 _sposv_，该符号在函数 "void __cdecl arma::lapack::posv<double>(char *,int *,int *,double *,int *,double *,int *,int *)" (??$posv@N@lapack@arma@@YAXPADPAH1PAN1211@Z) 中被引用
filler.obj : error LNK2019: 无法解析的外部符号 _dposv_，该符号在函数 "void __cdecl arma::lapack::posv<double>(char *,int *,int *,double *,int *,double *,int *,int *)" (??$posv@N@lapack@arma@@YAXPADPAH1PAN1211@Z) 中被引用
filler.obj : error LNK2019: 无法解析的外部符号 _cposv_，该符号在函数 "void __cdecl arma::lapack::posv<double>(char *,int *,int *,double *,int *,double *,int *,int *)" (??$posv@N@lapack@arma@@YAXPADPAH1PAN1211@Z) 中被引用
filler.obj : error LNK2019: 无法解析的外部符号 _zposv_，该符号在函数 "void __cdecl arma::lapack::posv<double>(char *,int *,int *,double *,int *,double *,int *,int *)" (??$posv@N@lapack@arma@@YAXPADPAH1PAN1211@Z) 中被引用
..\lib_win64\lapack_win64_MT.lib : warning LNK4272: 库计算机类型“x64”与目标计算机类型“x86”冲突
..\lib_win64\blas_win64_MT.lib : warning LNK4272: 库计算机类型“x64”与目标计算机类型“x86”冲突
D:\降噪算法\自适应滤波器\filler\Debug\filler.exe : fatal error LNK1120: 20 个无法解析的外部命令
