e:\自适应滤波器\filler\filler\x64\debug\filler.pch
e:\自适应滤波器\filler\filler\x64\debug\vc141.pdb
e:\自适应滤波器\filler\filler\x64\debug\vc141.idb
e:\自适应滤波器\filler\filler\x64\debug\pch.obj
e:\自适应滤波器\filler\filler\x64\debug\wavio.obj
e:\自适应滤波器\filler\filler\x64\debug\filter.obj
e:\自适应滤波器\filler\filler\x64\debug\filler.obj
d:\kst\工作总结\filler\filler\x64\debug\filler.pch
d:\kst\工作总结\filler\filler\x64\debug\vc141.pdb
d:\kst\工作总结\filler\filler\x64\debug\vc141.idb
d:\kst\工作总结\filler\filler\x64\debug\pch.obj
d:\kst\工作总结\filler\filler\x64\debug\filter.obj
d:\kst\工作总结\filler\filler\x64\debug\wavio.obj
e:\自适应滤波器\filler\x64\debug\filler.exe
e:\自适应滤波器\filler\x64\debug\filler.ilk
e:\自适应滤波器\filler\x64\debug\filler.pdb
d:\kst\工作总结\filler\filler\x64\debug\filler.obj
d:\kst\工作总结\filler\filler\x64\debug\filler.obj.enc
d:\kst\工作总结\filler\filler\x64\debug\filter.obj.enc
d:\kst\工作总结\filler\filler\x64\debug\filler.tlog\cl.command.1.tlog
d:\kst\工作总结\filler\filler\x64\debug\filler.tlog\cl.read.1.tlog
d:\kst\工作总结\filler\filler\x64\debug\filler.tlog\cl.write.1.tlog
d:\kst\工作总结\filler\filler\x64\debug\filler.tlog\link.command.1.tlog
d:\kst\工作总结\filler\filler\x64\debug\filler.tlog\link.read.1.tlog
d:\kst\工作总结\filler\filler\x64\debug\filler.tlog\link.write.1.tlog
