  Filter.cpp
e:\自适应滤波器\filler\filler\filter.cpp(54): warning C4244: “初始化”: 从“double”转换到“int”，可能丢失数据
e:\自适应滤波器\filler\filler\filter.cpp(65): warning C4244: “参数”: 从“double”转换到“const arma::uword”，可能丢失数据
e:\自适应滤波器\filler\filler\filter.cpp(66): warning C4244: “参数”: 从“double”转换到“const arma::uword”，可能丢失数据
e:\自适应滤波器\filler\filler\filter.cpp(67): warning C4244: “参数”: 从“double”转换到“const arma::uword”，可能丢失数据
e:\自适应滤波器\filler\filler\filter.cpp(73): warning C4244: “初始化”: 从“const arma::uword”转换到“int”，可能丢失数据
e:\自适应滤波器\filler\filler\filter.cpp(102): warning C4244: “初始化”: 从“const arma::uword”转换到“int”，可能丢失数据
e:\自适应滤波器\filler\filler\filter.cpp(130): warning C4244: “初始化”: 从“const arma::uword”转换到“int”，可能丢失数据
e:\自适应滤波器\filler\filler\filter.cpp(180): warning C4244: “初始化”: 从“const arma::uword”转换到“int”，可能丢失数据
e:\自适应滤波器\filler\filler\filter.cpp(211): warning C4244: “初始化”: 从“const arma::uword”转换到“int”，可能丢失数据
e:\自适应滤波器\filler\filler\filter.cpp(228): warning C4244: “初始化”: 从“const arma::uword”转换到“int”，可能丢失数据
e:\自适应滤波器\filler\filler\filter.cpp(286): warning C4244: “初始化”: 从“const arma::uword”转换到“int”，可能丢失数据
e:\自适应滤波器\filler\filler\filter.cpp(324): warning C4244: “初始化”: 从“const arma::uword”转换到“int”，可能丢失数据
e:\自适应滤波器\filler\filler\filter.cpp(350): warning C4244: “初始化”: 从“const arma::uword”转换到“int”，可能丢失数据
e:\自适应滤波器\filler\filler\filter.cpp(387): warning C4244: “初始化”: 从“const arma::uword”转换到“int”，可能丢失数据
  filler.cpp
e:\自适应滤波器\filler\filler\filler.cpp(21): warning C4244: “=”: 从“eT”转换到“short”，可能丢失数据
          with
          [
              eT=double
          ]
  正在生成代码...
  filler.vcxproj -> E:\自适应滤波器\filler\x64\Debug\filler.exe
